2172244
2186386
2181504
2191542
2195231
2185586
2187424
2193777
2264009
2210042
2210045
2298040
2298044
2212078
2230089
2230094
2230098
2230102
2228090
2292185
2224372
2230466
2286399
2210450
2270356
2282612
2238417
2248225
2252630
2226325
2200442
2210825
2242826
2214511
2250880
2290513
2264904
2283220
2213375
2285069
2238817
2243168
2267213
2231540
2225315
2299735
2299739
2299761
2223327
2214803
2216982
2237480
2211552
2265469
2226860
2265537
2225600
2265553
2225703
2217134
2217146
2285714
2297731
2247222
2293300
2265877
2265889
2294740
2285954
2208828
2201440
2257583
2257587
2219111
2259936
2215667
2241199
2209248
2229243
2207945
2207948
2207951
2295505
2295682
2295687
2261595
2308010
2304033
2306124
2374140
2306150
2358181
2304204
2304208
2378231
2340294
2328452
2378437
2354650
2354654
2340708
2348526
2338630
2338642
2392754
2374715
2352791
2312972
2332717
2336945
2332797
2301155
2385128
2306895
2337047
2306907
2379082
2379086
2379090
2379094
2379098
2356769
2379156
2309132
2379206
2302942
2302970
2307073
2307076
2301507
2313540
2343668
2307345
2307349
2345223
2345227
2331290
2387740
2307423
2307427
2307431
2303276
2301916
2395383
2325949
2305453
2305572
2305606
2305609
2305673
2305687
2359853
2377998
2333933
2345873
2345878
2345881
2446007
2464065
2488118
2462165
2416321
2486295
2486299
2488347
2446404
2460467
2466947
2476579
2403045
2432878
2445041
2472674
2419068
2492856
2468734
2468741
2445301
2482913
2482917
2467814
2421163
2401714
2493898
2429928
2522111
2518242
2592147
2552407
2558439
2574360
2558495
2562418
2506588
2520786
2558835
2554571
2518987
2598962
2507201
2599480
2591553
2519666
2533756
2579233
2519912
2567563
2567599
2593486
2527781
2644130
2668208
2650329
2612501
2636468
2688540
2640717
2622645
2634654
2694653
2642744
2677175
2658695
2607288
2645308
2639668
2646986
2646990
2645766
2667557
2601807
2695980
2760040
2766146
2770143
2732211
2786359
2722554
2764574
2774698
2732927
2758611
2742926
2777367
2784986
2784990
2741193
2701698
2741209
2741213
2741217
2701743
2771413
2773149
2747877
2773196
2773247
2735871
2773554
2787607
2770000
2785947
2787784
2820021
2816101
2810083
2866212
2852173
2804266
2842407
2890486
2860518
2866920
2804723
2804727
2819204
2822825
2843199
2862956
2896710
2865128
2896726
2823127
2805160
2817141
2827619
2873069
2873073
2857509
2857517
2857521
2853570
2873185
2823667
2895672
2837853
2887642
2849867
2910068
2934119
2938113
2950144
2950148
2918060
2950152
2950156
2950159
2950162
2950166
2950168
2950219
2950222
2956332
2950307
2956432
2956436
2992445
2950368
2906559
2906587
2920623
2962627
2936498
2918344
2914731
2998528
2910548
2916784
2930878
2968645
2945032
2945036
2963111
2998763
2954757
2954761
2954765
2904817
2987342
2965051
2947008
2981529
2947012
2947016
2947020
2940902
2947024
2947028
2963628
2991185
2991189
2991193
2973082
2947153
2945703
2997663
2997667
2919175
2995219
2905224
2919234
2987841
2917880
2917884
2935973
2917892
2907993
2907997
2917942
2917946
2909615
2939475
2939487
2939491
2939495
2939499
2939503
2939507
2939511
2939515
2939519
2939596
2999630
2939611
2939615
2939619
2939624
2939693
2939697
2939701
2939705
2939709
2939713
2939717
2939782
2939786
2939836
2941710
2939840
2985847
3074018
3074022
3082047
3046070
3082122
3036213
3034169
3086222
3074416
3074424
3074428
3074432
3074436
3086382
3074488
3084648
3030667
3036703
3030670
3030674
3030678
3030683
3030687
3030691
3030694
3030699
3030703
3034570
3078497
3066747
3022798
3030792
3066973
3074985
3074989
3006698
3023108
3023112
3078859
3069496
3076892
3076900
3019584
3079099
3079103
3079107
3045715
3077083
3077087
3077091
3079424
3079429
3045922
3045933
3055645
3079609
3073880
3065458
3077643
3077734
3077743
3077746
3077751
3077807
3081860
3120036
3118049
3122067
3122071
3166248
3116259
3116263
3116267
3160228
3160232
3198568
3116729
3116734
3116738
3148810
3160462
3174972
3149041
3149045
3150715
3150719
3149216
3120868
3147353
3125413
3196794
3149662
3129878
3149910
3149914
3149918
3149922
3149926
3157962
3189788
3133160
3151521
3169704
3169708
3123404
3145855
3197866
3204171
3246115
3296153
3246243
3222446
3216411
3218723
3218774
3276489
3244779
3212956
3240820
3240828
3246629
3224946
3298928
3287189
3283109
3289122
3265279
3296834
3281395
3237523
3284604
3292609
3223778
3281639
3250702
3291680
3281998
3201518
3285041
3215741
3297883
3209880
3304023
3304027
3394092
3398082
3336184
3304223
3384201
3348281
3368146
3366259
3324287
3324291
3348544
3348548
3348552
3348556
3348560
3352753
3332822
3364749
3324549
3368376
3344787
3366675
3306460
3346733
3346738
3346742
3346746
3334821
3345137
3383949
3327501
3331878
3345722
3345774
3369063
3375939
3375943
3410008
3410011
3452003
3452007
3490101
3416127
3412286
3416293
3496283
3416297
3496287
3476405
3432683
3480682
3452460
3452464
3468730
3468734
3452468
3434776
3416573
3454602
3434953
3451011
3435061
3490906
3416762
3421153
3457224
3419089
3451318
3451322
3411517
3489221
3409265
3409269
3409273
3421541
3477051
3419396
3451776
3451780
3463125
3429526
3451995
3451999
3455417
3497401
3477465
3495244
3453502
3431713
3431717
3439664
3407522
3407527
3463963
3548044
3504182
3514177
3552197
3540227
3590191
3544939
3520568
3513136
3503217
3563145
3545255
3545259
3557385
3553431
3589589
3507491
3557905
3587905
3684342
3630821
3631102
3677147
3606847
3647111
3691633
3639658
3685271
3629703
3605983
3744059
3766245
3714286
3754360
3712539
3778557
3706639
3712623
3712627
3776600
3792801
3774423
3744967
3748977
3756772
3717146
3717151
3781343
3749326
3722772
3779512
3771166
3710967
3715802
3717932
3723675
3723683
3775777
3775780
3892061
3894301
3874422
3852415
3852419
3852423
3852427
3838564
3838568
3838572
3804751
3858906
3842863
3842867
3862902
3886991
3886995
3886999
3845114
3802997
3823297
3823301
3897396
3809470
3852968
3805819
3851800
3817924
3950354
3988505
3974537
3950354
3974537
3988505
3908670
3963357
3978965
3949423
3977305
3905845
3971467
3981830
3967384
4028111
4012123
4028123
4028127
4032295
4006192
4034223
4010264
4060395
4076355
4022674
4096936
4015071
4024740
4068684
4003445
4079291
4024914
4024918
4024922
4067973
4055825
4065943
4007886
4144031
4144035
4142171
4142175
4100271
4134163
4150305
4150309
4150313
4190312
4166308
4166312
4164510
4160525
4160529
4160533
4112503
4118919
4184857
4141038
4109033
4141084
4194739
4111214
4165203
4165207
4111303
4167351
4157104
4107552
4107556
4107560
4107576
4121450
4115247
4101549
4185538
4185542
4185546
4185550
4137651
4167929
4155562
4123775
4250223
4246282
4216615
4250588
4224637
4280836
4242509
4220871
4225188
4207448
4265583
4279625
4281733
4271142
4271146
4231701
4368006
4368214
4314256
4370253
4370257
4338330
4338334
4370624
4342998
4319001
4335104
4317199
4317211
4317388
4367780
4337030
4379401
4379853
4456090
4450217
4450221
4400201
4422333
4412435
4492443
4441429
4406821
4406825
4406829
4475318
4406833
4467596
4442905
4489256
4441913
4453739
4441921
4441925
4441929
4447144
4457076
4461102
4449986
4457868
4592126
4592130
4548129
4584180
4592455
4584368
4584372
4542685
4594830
4594835
4597109
4597113
4597117
4597121
4597262
4597348
4597479
4597483
4597487
4597491
4597495
4597499
4597503
4545276
4521508
4597714
4597719
4597723
4597727
4597731
4597735
4509775
4589711
4535729
4545805
4545809
4545814
4545817
4545822
4595738
4595742
4595746
4585480
4585677
4539755
4662032
4672637
4640527
4699091
4699095
4687190
4699165
4665074
4652743
4652748
4652751
4690905
4629212
4629216
4659074
4633184
4633188
4633192
4619224
4631514
4633610
4633615
4633619
4633623
4633627
4633631
4633635
4633639
4633643
4633647
4633651
4633655
4601731
4633685
4653432
4653436
4633713
4756132
4738297
4740615
4749156
4722963
4721598
4721601
4721606
4767078
4705543
4797505
4749765
4793820
4810110
4810113
4810192
4810197
4886226
4810236
4810240
4852227
4898856
4898860
4898864
4898868
4878729
4898968
4897007
4811013
4837797
4809842
4809846
4809850
4809854
4809859
4899677
4871814
4853624
4853628
4853632
4966108
4928096
4960213
4900610
4938451
4938538
4970812
4971036
4971040
4942516
4913236
4953806
4953810
4969615
4969739
4915580
4981714
4981718
4981722
4943974
5030195
5074203
5030401
5088225
5048627
5056362
5056366
5056679
5042723
5011194
5039252
5043136
5043140
5055601
5047346
5156663
5107131
5179146
5153198
5153202
5193123
5185221
5187646
5187650
5187655
5187659
5187663
5159106
5159110
5159114
5183625
5149511
5240043
5256054
5256059
5256063
5256067
5262074
5292132
5256306
5268233
5268236
5256310
5218338
5268241
5262277
5228422
5234397
5260435
5260439
5260443
5248468
5254756
5224705
5257236
5267057
5250986
5283180
5206904
5217245
5225361
5257951
5257954
5257958
5299287
5259212
5259216
5227604
5265692
5324204
5330227
5398248
5310301
5306401
5308271
5308275
5330613
5316680
5304529
5330748
5356592
5308457
5308461
5328492
5350932
5350936
5350940
5372760
5325263
5325267
5349503
5313441
5386977
5305263
5389523
5344978
5307715
5309007
5309011
5355078
5389797
5389801
5323772
5323776
5305613
5329322
5329401
5329405
5387602
5319664
5393942
5448118
5486461
5486465
5486469
5444649
5477125
5483291
5443593
5443597
5481853
5445701
5586099
5532122
5562302
5506509
5536814
5582651
5519180
5519184
5519188
5595653
5567293
5575439
5573481
5587880
5583491
5575990
5579188
5589881
5515222
5515226
5561942
5579710
5577809
5660354
5638285
5694612
5634770
5661055
5610944
5661535
5612851
5617580
5695748
5619572
5667806
5631357
5619901
5609919
5663912
5609923
5609927
5657099
5671254
5613419
5671644
5780125
5766149
5776163
5776167
5764309
5738390
5738394
5748537
5790887
5796839
5796843
5755274
5776668
5776673
5789248
5779281
5782677
5779712
5781553
5781557
5727468
5864111
5806188
5886286
5884254
5828447
5828451
5828456
5834356
5860533
5868331
5868335
5868339
5868343
5898426
5868347
5840378
5826517
5826522
5874543
5874546
5874551
5874554
5838434
5874558
5800590
5888912
5845119
5874772
5829217
5829221
5838715
5831138
5873278
5873282
5801085
5801089
5873370
5866932
5843133
5881498
5881502
5887553
5801661
5801666
5869900
5869904
5918106
5918415
5976394
5928607
5908837
5930823
5924858
5932903
5921276
5921280
5971069
5931700
5963627
5963631
5919828
5963868
5977944
5969701
5961816
5969986
6036010
6040030
6050168
6048353
6086207
6010636
6010640
6004453
6004457
6004461
6040514
6083168
6035235
6011414
6011418
6011422
6023556
6091089
6009469
6001489
6040807
6009579
6037642
6015726
6043799
6043803
6043807
6013623
6013627
6013904
6154004
6134014
6126223
6182536
6102780
6169478
6142963
6142967
6216085
6216223
6214361
6210502
6210506
6210509
6255188
6210902
6265180
6216085
6216223
6214361
6210502
6210506
6210509
6210902
6265180
6255188
6216085
6216223
6214361
6210502
6210506
6210509
6210902
6265180
6255188
6304630
6350943
6350947
6389128
6305337
6333437
6397502
6389639
6363641
6377741
6373736
6422031
6422035
6422039
6472018
6478066
6474077
6440148
6474163
6474164
6474168
6474170
6474173
6484522
6472377
6472381
6496434
6474526
6472505
6472506
6472624
6438770
6472806
6472951
6472955
6472959
6472962
6479146
6473004
6471775
6471777
6471779
6471782
6471908
6473228
6473230
6441640
6475665
6475667
6475866
6489951
6439854
6439858
6439862
6437942
6445893
6594077
6594149
6552293
6594286
6522825
6538506
6538508
6502868
6502869
6503117
6529062
6534930
6533816
6597155
6529486
6529490
6593656
6521824
6547637
6529730
6529734
6529738
6529742
6529745
6529749
6561807
6529754
6529758
6597660
6549783
6599713
6634242
6688406
6638851
6602777
6642901
6676957
6601327
6601332
6601335
6639927
6637417
6603691
6637532
6687642
6691918
6655856
6764016
6764021
6764024
6742114
6760189
6714237
6722349
6764596
6770841
6765051
6790755
6717013
6733195
6790842
6721091
6791319
6787534
6739558
6800517
6800520
6802919
6814626
6855115
6855381
6849523
6807866
6954011
6978612
6978615
6978619
6980568
6961193
6911119
6947666
6907825
7028070
7080159
7018727
7018732
7070639
7019988
7102013
7166046
7100168
7100172
7146293
7106551
7199337
7161678
7206020
7230287
7240386
7240390
7240394
7205060
7209129
7273915
7231899
7320467
7380955
7369335
7410209
7410469
7410473
7471778
7441418
7576373
7596429
7576477
7566524
7576481
7576485
7580672
7575052
7587279
7577048
7577051
7577055
7577059
7577062
7577067
7509833
7509838
7513942
7656252
7680424
7682433
7682437
7612502
7670643
7670647
7670651
7670655
7670659
7632676
7670746
7658797
7682763
7635521
7677591
7681616
7681620
7659254
7641291
7641296
7641299
7641303
7675316
7679382
7675419
7671547
7671551
7633569
7671876
7671880
7621966
7720028
7780077
7784054
7784058
7758073
7780129
7776192
7790167
7786212
7786216
7756222
7770198
7756225
7756228
7782166
7778137
7784177
7766313
7788182
7776407
7788217
7724408
7744483
7764319
7780611
7784426
7768429
7768432
7758471
7758475
7774450
7774455
7778494
7780739
7786987
7786991
7712588
7712592
7712596
7712599
7712603
7788579
7767006
7760953
7790936
7770931
7782739
7772782
7772786
7772790
7787271
7777284
7712712
7781088
7777421
7782921
7767362
7763203
7774776
7771288
7773095
7778882
7787638
7767509
7768968
7788948
7781463
7777871
7761554
7779013
7777954
7763515
7723122
7723126
7795073
7749926
7755391
7755466
7755467
7779233
7785168
7771868
7785172
7771871
7762000
7713316
7775182
7775186
7773671
7769365
7769369
7785358
7755807
7779599
7789548
7789552
7775551
7765713
7765717
7751790
7789913
7765947
7775936
7838070
7804282
7838363
7848699
7848703
7848707
7803223
7859281
7845755
7845759
7845763
7829273
7869433
7833933
7837620
7930324
7978366
7966548
7904992
7978567
7939311
7971469
7996876
7979071
8090001
8066062
8066066
8094082
8074075
8074079
8092090
8020144
8072192
8078184
8080211
8048392
8048394
8086286
8086287
8078453
8050405
8066375
8092377
8070331
8048525
8048530
8072543
8094598
8084612
8094629
8054534
8090479
8072747
8074605
8088580
8074609
8088583
8078756
8066641
8082675
8078908
8084919
8084922
8084924
8096784
8096788
8074866
8073188
8076903
8076907
8076911
8060890
8089008
8070842
8070847
8085262
8085264
8085268
8085272
8085276
8085280
8085283
8085287
8090968
8095339
8095343
8095347
8049405
8095351
8049409
8095354
8095358
8095362
8095366
8075151
8095628
8091281
8067381
8059932
8069938
8069942
8069946
8069948
8069951
8075573
8087471
8087472
8087474
8087476
8077772
8077773
8077775
8091699
8097822
8075877
8083880
8083881
8071642
8083979
8089993
8089997
8071730
8047978
8047981
8047985
8136285
8116492
8100491
8118964
8146754
8143314
8149405
8149681
8127062
8139783
8210134
8291074
8266892
8277746
8295759
8235734
8356018
8390409
8351343
8311172
8301154
8321676
8363958
8437263
8425756
8564163
8542301
8532578
8524430
8596913
8555126
8561407
8521646
8694149
8601685
8637384
8746011
8746015
8776029
8770031
8726047
8726051
8714073
8714077
8716105
8716109
8724151
8742163
8790194
8774152
8734246
8774156
8780255
8752324
8752328
8752333
8742403
8766308
8766311
8766316
8720673
8746693
8768727
8742735
8786570
8734932
8760676
8721005
8718952
8744844
8743107
8744940
8726998
8745048
8771068
8754948
8729251
8774997
8745199
8723030
8723034
8733026
8733030
8787096
8777631
8777634
8777638
8777642
8769993
8717412
8771570
8719797
8755466
8729846
8777962
8761578
8759771
8773971
8773975
8717913
8812058
8888200
8830273
8864255
8880397
8850534
8888549
8884557
8884561
8872610
8870915
8829316
8875319
8889410
8826986
8883508
8897654
8827665
8960166
8990167
8962660
8923037
8923041
8904970
8971290
8903932
9004180
9060598
9000375
9004528
9002466
9000476
9022517
9022523
9088979
9033462
9024910
9073303
9045372
9063208
9041641
9041645
9031843
9001635
9001639
9041957
9019425
9077521
9150409
9125342
9218230
9299827
9374274
9374278
9374282
9384935
9385118
9359043
9359047
9375669
9375673
9468414
9446740
9403209
9508618
9504729
9505270
9542981
9555596
9555601
9589475
9589479
9587952
9620030
9680135
9658232
9668535
9666418
9632667
9680876
9680880
9680884
9660899
9680888
9630702
9696966
9636777
9644749
9620895
9638841
9620899
9690822
9681259
9682949
9653482
9697475
9617564
9617895
9657405
9659530
9667690
9667694
9675638
9675961
9726093
9726097
9716416
9712516
9742782
9700715
9784888
9747330
9741663
9725471
9725475
9725556
9755414
9707656
9745720
9838003
9838007
9838011
9850543
9883340
9885178
9841346
9827318
9827331
9889280
9837999
9881908
9910516
9996635
9988707
9952752
9993036
9951720
9993959
10042089
10020074
10000190
10088305
10050610
10085108
10014920
10017200
10039616
10091903
10027719
10188082
10124199
10166359
10100447
10196905
10189088
10107228
10147581
10252577
10292528
10215041
10257070
10217794
10269822
10394890
10399738
10410113
10416698
10456817
10439259
10409052
10413152
10471141
10447450
10411967
10417651
10410113
10416698
10456817
10409052
10471141
10417651
10439259
10447450
10413152
10411967
10568056
10574101
10528910
10628448
10646528
10681073
10669483
10693854
10679041
10641583
10685591
10633715
10716362
10796791
10781694
10864786
10825473
10851601
10845962
10972688
10979210
10993138
10982970
10901520
11022129
11020538
11094470
11099469
11005905
11067940
11093966
11112228
11188227
11174236
11114484
11106373
11108793
11145190
11113127
11113436
11139368
11169366
11129973
11133770
11197970
11252209
11232266
11268371
11268375
11268379
11268384
11222663
11270787
11225029
11259539
11219275
11265349
11297578
11201638
11247766
11297843
11312897
11352959
11303371
11303375
11381758
11359705
11498224
11490270
11463580
11431875
11463786
11447949
11489999
11568999
11569002
11656041
11656045
11650222
11608497
11659232
11647992
11708218
11726433
11722578
11709822
11781499
11850191
11858905
11858909
11829001
11897108
11813704
11819860
11827929
11865652
11859956
11809898
11910045
11910047
11938318
11953770
12070713
12070973
12192274
12188658
12108884
12189559
12125665
12210193
12288793
12288969
12223314
12328106
12332155
12369231
12309929
12442003
12462007
12412078
12456041
12412079
12456044
12446063
12426144
12452180
12424150
12452184
12478143
12478147
12460160
12438199
12456183
12410219
12422257
12422261
12462243
12436360
12418256
12412400
12450190
12428421
12428423
12478363
12440284
12440288
12440290
12424385
12448323
12440292
12424388
12464395
12464399
12464403
12464407
12464411
12426418
12464415
12464419
12444559
12444563
12464423
12464427
12464431
12464435
12464439
12464443
12446461
12464447
12464451
12464455
12464459
12464463
12464467
12462460
12462463
12464471
12464475
12464479
12464483
12464487
12464491
12474489
12464495
12464499
12464503
12422534
12464507
12418463
12464511
12418466
12464515
12458496
12418469
12458497
12464519
12410523
12476694
12490517
12440532
12412813
12432604
12432608
12454562
12454566
12462651
12436832
12452874
12452877
12452881
12452884
12480680
12448654
12418690
12477005
12426822
12438755
12456665
12445073
12438759
12445077
12438763
12454809
12454818
12437083
12454820
12454822
12454826
12416862
12413150
12413154
12434489
12440887
12462930
12464970
12464971
12445267
12411015
12478919
12437305
12437307
12425035
12417069
12475097
12447010
12455126
12420625
12469189
12459201
12459205
12453509
12442856
12430889
12430892
12437554
12413597
12430896
12456867
12463222
12417311
12475351
12465435
12459452
12450802
12461364
12450805
12411514
12461368
12450809
12427545
12427549
12433405
12433408
12427553
12417589
12463458
12463462
12453911
12453915
12431123
12429906
12429909
12447468
12449202
12420880
12455739
12427765
12461595
12461599
12447645
12433657
12457318
12457322
12419390
12457325
12403899
12463817
12425858
12451071
12451078
12449473
12486991
12449477
12486995
12415955
12415958
12415962
12415965
12423883
12415968
12415971
12415975
12463996
12447993
12435151
12457593
12495158
12421213
12421217
12421221
12431780
12431784
12451362
12451366
12451370
12451371
12443872
12449946
12449947
12409454
12409457
12457963
12457967
12457972
12457976
12457978
12457982
12473619
12487584
12421730
12435839
12409943
12519112
12562915
12562915
12519112
12533406
12624071
12616734
12615063
12648675
12635231
12615703
12635635
12685600
12613457
12790293
12706336
12766988
12790956
12764968
12765223
12797059
12757681
12701896
12701900
12822037
12818095
12837834
12837837
12813592
12910020
12954744
12910873
12997358
13030973
13170739
13170743
13154970
13131640
13206756
13289212
13328055
13378065
13312323
13371804
13499970
13524469
13537509
13583522
13708371
13708374
13708378
13708382
13789461
13791211
13840023
13896837
13867113
13840023
13896837
13867113
13906176
13988393
13999105
13901446
13993094
13957592
14005671
14005675
14005679
14005771
14005775
14021739
14184148
14133466
14358172
14378263
14519194
14515331
14620759
14620763
14620771
14620775
14620779
14620783
14620787
14620791
14620795
14739199
14703187
14753402
14898277
14898277
14828538
14848534
14871177
14843458
14843634
14845614
14934224
14923580
15187682
15177858
15210608
15264828
15247863
15442309
15536522
15564963
15573045
15573049
15646581
15609684
15896612
15920225
15978652
15979163
16011892
16193051
16109804
16103680
16298566
16265030
16225195
16229531
16229534
16394473
16412892
16463626
16457535
16543438
16543441
16543445
16543771
16543775
16543779
16664807
16658762
16712634
16745236
16808578
16872701
16978284
16990482
16962799
16958815
16963726
16909781
17073177
17030584
17073177
17157400
17187633
17324123
17468655
17457485
17437704
17570649
17502678
17502682
17642200
17686240
17766424
17851092
18096344
18065200
18053214
18055682
18083923
18013689
18063938
18033944
18176152
18144457
18144553
18163576
18202240
18342743
18415033
18629130
18696763
18627878
18627881
18627951
18627987
18758191
18788662
18761035
18727831
18715839
18824315
18816490
18849930
18869711
18958167
18996862
18909864
19032802
